<?xml version="1.0" encoding="UTF-8"?>
<testsuite name="com.polytechmtp.contacts.KafkaApplicationTest" tests="1" skipped="0" failures="0" errors="0" timestamp="2020-11-25T21:20:16" hostname="macbook-pro-de-solene.home" time="0.002">
  <properties/>
  <testcase name="contextLoads()" classname="com.polytechmtp.contacts.KafkaApplicationTest" time="0.002"/>
  <system-out><![CDATA[]]></system-out>
  <system-err><![CDATA[]]></system-err>
</testsuite>
